{"numTotalTestSuites":6,"numPassedTestSuites":4,"numFailedTestSuites":2,"numPendingTestSuites":0,"numTotalTests":27,"numPassedTests":3,"numFailedTests":2,"numPendingTests":22,"numTodoTests":0,"snapshot":{"added":0,"failure":false,"filesAdded":0,"filesRemoved":0,"filesRemovedList":[],"filesUnmatched":0,"filesUpdated":0,"matched":0,"total":0,"unchecked":0,"uncheckedKeysByFile":[],"unmatched":0,"updated":0,"didUpdate":false},"startTime":1770120824512,"success":false,"testResults":[{"assertionResults":[{"ancestorTitles":["Exercise 1: ButtonDemo"],"fullName":"Exercise 1: ButtonDemo should not have placeholder content","status":"skipped","title":"should not have placeholder content","failureMessages":[],"meta":{}},{"ancestorTitles":["Exercise 1: ButtonDemo"],"fullName":"Exercise 1: ButtonDemo should render Button component","status":"skipped","title":"should render Button component","failureMessages":[],"meta":{}},{"ancestorTitles":["Exercise 1: ButtonDemo"],"fullName":"Exercise 1: ButtonDemo should render buttons with different variants","status":"skipped","title":"should render buttons with different variants","failureMessages":[],"meta":{}},{"ancestorTitles":["Exercise 1: ButtonDemo"],"fullName":"Exercise 1: ButtonDemo should apply different styles based on variant prop","status":"skipped","title":"should apply different styles based on variant prop","failureMessages":[],"meta":{}},{"ancestorTitles":["Exercise 1: ButtonDemo"],"fullName":"Exercise 1: ButtonDemo should display button text","status":"skipped","title":"should display button text","failureMessages":[],"meta":{}},{"ancestorTitles":["Exercise 2: UserCard"],"fullName":"Exercise 2: UserCard should not have placeholder content","status":"skipped","title":"should not have placeholder content","failureMessages":[],"meta":{}},{"ancestorTitles":["Exercise 2: UserCard"],"fullName":"Exercise 2: UserCard should render UserCard component","status":"skipped","title":"should render UserCard component","failureMessages":[],"meta":{}},{"ancestorTitles":["Exercise 2: UserCard"],"fullName":"Exercise 2: UserCard should display user name","status":"skipped","title":"should display user name","failureMessages":[],"meta":{}},{"ancestorTitles":["Exercise 2: UserCard"],"fullName":"Exercise 2: UserCard should display user email","status":"skipped","title":"should display user email","failureMessages":[],"meta":{}},{"ancestorTitles":["Exercise 2: UserCard"],"fullName":"Exercise 2: UserCard should use destructured props","status":"skipped","title":"should use destructured props","failureMessages":[],"meta":{}},{"ancestorTitles":["Exercise 3: BadgeDemo"],"fullName":"Exercise 3: BadgeDemo should not have placeholder content","status":"failed","title":"should not have placeholder content","duration":13.705084000000056,"failureMessages":["AssertionError: expected true to be false // Object.is equality\n    at /Users/bernhardneumayer/Projects/react-training/src/exercises/02-Session1-Props.test.tsx:97:39\n    at file:///Users/bernhardneumayer/Projects/react-training/node_modules/@vitest/runner/dist/index.js:145:11\n    at file:///Users/bernhardneumayer/Projects/react-training/node_modules/@vitest/runner/dist/index.js:915:26\n    at file:///Users/bernhardneumayer/Projects/react-training/node_modules/@vitest/runner/dist/index.js:1243:20\n    at new Promise (<anonymous>)\n    at runWithTimeout (file:///Users/bernhardneumayer/Projects/react-training/node_modules/@vitest/runner/dist/index.js:1209:10)\n    at file:///Users/bernhardneumayer/Projects/react-training/node_modules/@vitest/runner/dist/index.js:1653:37\n    at Traces.$ (file:///Users/bernhardneumayer/Projects/react-training/node_modules/vitest/dist/chunks/traces.CCmnQaNT.js:142:27)\n    at trace (file:///Users/bernhardneumayer/Projects/react-training/node_modules/vitest/dist/chunks/test.B8ej_ZHS.js:239:21)\n    at runTest (file:///Users/bernhardneumayer/Projects/react-training/node_modules/@vitest/runner/dist/index.js:1653:12)"],"meta":{}},{"ancestorTitles":["Exercise 3: BadgeDemo"],"fullName":"Exercise 3: BadgeDemo should render Badge component","status":"passed","title":"should render Badge component","duration":2.626916000000051,"failureMessages":[],"meta":{}},{"ancestorTitles":["Exercise 3: BadgeDemo"],"fullName":"Exercise 3: BadgeDemo should render multiple badges","status":"failed","title":"should render multiple badges","duration":5.820042000000058,"failureMessages":["AssertionError: expected 0 to be greater than 0\n    at /Users/bernhardneumayer/Projects/react-training/src/exercises/02-Session1-Props.test.tsx:109:27\n    at file:///Users/bernhardneumayer/Projects/react-training/node_modules/@vitest/runner/dist/index.js:145:11\n    at file:///Users/bernhardneumayer/Projects/react-training/node_modules/@vitest/runner/dist/index.js:915:26\n    at file:///Users/bernhardneumayer/Projects/react-training/node_modules/@vitest/runner/dist/index.js:1243:20\n    at new Promise (<anonymous>)\n    at runWithTimeout (file:///Users/bernhardneumayer/Projects/react-training/node_modules/@vitest/runner/dist/index.js:1209:10)\n    at file:///Users/bernhardneumayer/Projects/react-training/node_modules/@vitest/runner/dist/index.js:1653:37\n    at Traces.$ (file:///Users/bernhardneumayer/Projects/react-training/node_modules/vitest/dist/chunks/traces.CCmnQaNT.js:142:27)\n    at trace (file:///Users/bernhardneumayer/Projects/react-training/node_modules/vitest/dist/chunks/test.B8ej_ZHS.js:239:21)\n    at runTest (file:///Users/bernhardneumayer/Projects/react-training/node_modules/@vitest/runner/dist/index.js:1653:12)"],"meta":{}},{"ancestorTitles":["Exercise 3: BadgeDemo"],"fullName":"Exercise 3: BadgeDemo should use default props","status":"passed","title":"should use default props","duration":1.3406670000000531,"failureMessages":[],"meta":{}},{"ancestorTitles":["Exercise 3: BadgeDemo"],"fullName":"Exercise 3: BadgeDemo should display badge text","status":"passed","title":"should display badge text","duration":1.8372909999999365,"failureMessages":[],"meta":{}},{"ancestorTitles":["Exercise 4: CardDemo"],"fullName":"Exercise 4: CardDemo should not have placeholder content","status":"skipped","title":"should not have placeholder content","failureMessages":[],"meta":{}},{"ancestorTitles":["Exercise 4: CardDemo"],"fullName":"Exercise 4: CardDemo should render Card component","status":"skipped","title":"should render Card component","failureMessages":[],"meta":{}},{"ancestorTitles":["Exercise 4: CardDemo"],"fullName":"Exercise 4: CardDemo should render card with children","status":"skipped","title":"should render card with children","failureMessages":[],"meta":{}},{"ancestorTitles":["Exercise 4: CardDemo"],"fullName":"Exercise 4: CardDemo should display card title","status":"skipped","title":"should display card title","failureMessages":[],"meta":{}},{"ancestorTitles":["Exercise 4: CardDemo"],"fullName":"Exercise 4: CardDemo should accept children prop","status":"skipped","title":"should accept children prop","failureMessages":[],"meta":{}},{"ancestorTitles":["Exercise 4: CardDemo"],"fullName":"Exercise 4: CardDemo should render multiple cards","status":"skipped","title":"should render multiple cards","failureMessages":[],"meta":{}},{"ancestorTitles":["Exercise 5: InputDemo"],"fullName":"Exercise 5: InputDemo should not have placeholder content","status":"skipped","title":"should not have placeholder content","failureMessages":[],"meta":{}},{"ancestorTitles":["Exercise 5: InputDemo"],"fullName":"Exercise 5: InputDemo should render Input component","status":"skipped","title":"should render Input component","failureMessages":[],"meta":{}},{"ancestorTitles":["Exercise 5: InputDemo"],"fullName":"Exercise 5: InputDemo should render multiple inputs","status":"skipped","title":"should render multiple inputs","failureMessages":[],"meta":{}},{"ancestorTitles":["Exercise 5: InputDemo"],"fullName":"Exercise 5: InputDemo should support rest props (spread operator)","status":"skipped","title":"should support rest props (spread operator)","failureMessages":[],"meta":{}},{"ancestorTitles":["Exercise 5: InputDemo"],"fullName":"Exercise 5: InputDemo should pass through HTML input attributes","status":"skipped","title":"should pass through HTML input attributes","failureMessages":[],"meta":{}},{"ancestorTitles":["Exercise 5: InputDemo"],"fullName":"Exercise 5: InputDemo should have input labels or descriptions","status":"skipped","title":"should have input labels or descriptions","failureMessages":[],"meta":{}}],"startTime":1770120825264,"endTime":1770120825289.8374,"status":"failed","message":"","name":"/Users/bernhardneumayer/Projects/react-training/src/exercises/02-Session1-Props.test.tsx"}]}